{
  "pullrequest": {
    "merge_commit": {
      "hash": "b3d3f4c93c62",
      "links": {
        "self": {
          "href": "https://api.bitbucket.org/2.0/repositories/neontabs/ntzz_modules/commit/b3d3f4c93c62"
        }
      }
    },
    "description": "README.md edited online with Bitbucket",
    "links": {
      "decline": {
        "href": "https://api.bitbucket.org/2.0/repositories/neontabs/ntzz_modules/pullrequests/17/decline"
      },
      "commits": {
        "href": "https://api.bitbucket.org/2.0/repositories/neontabs/ntzz_modules/pullrequests/17/commits"
      },
      "self": {
        "href": "https://api.bitbucket.org/2.0/repositories/neontabs/ntzz_modules/pullrequests/17"
      },
      "comments": {
        "href": "https://api.bitbucket.org/2.0/repositories/neontabs/ntzz_modules/pullrequests/17/comments"
      },
      "merge": {
        "href": "https://api.bitbucket.org/2.0/repositories/neontabs/ntzz_modules/pullrequests/17/merge"
      },
      "html": {
        "href": "https://bitbucket.org/neontabs/ntzz_modules/pull-requests/17"
      },
      "activity": {
        "href": "https://api.bitbucket.org/2.0/repositories/neontabs/ntzz_modules/pullrequests/17/activity"
      },
      "diff": {
        "href": "https://api.bitbucket.org/2.0/repositories/neontabs/ntzz_modules/pullrequests/17/diff"
      },
      "approve": {
        "href": "https://api.bitbucket.org/2.0/repositories/neontabs/ntzz_modules/pullrequests/17/approve"
      },
      "statuses": {
        "href": "https://api.bitbucket.org/2.0/repositories/neontabs/ntzz_modules/pullrequests/17/statuses"
      }
    },
    "title": "README.md edited online with Bitbucket",
    "close_source_branch": true,
    "reviewers": [],
    "destination": {
      "commit": {
        "hash": "97a660cba81a",
        "links": {
          "self": {
            "href": "https://api.bitbucket.org/2.0/repositories/neontabs/ntzz_modules/commit/97a660cba81a"
          }
        }
      },
      "branch": {
        "name": "master"
      },
      "repository": {
        "full_name": "neontabs/ntzz_modules",
        "type": "repository",
        "name": "ntzz_modules",
        "links": {
          "self": {
            "href": "https://api.bitbucket.org/2.0/repositories/neontabs/ntzz_modules"
          },
          "html": {
            "href": "https://bitbucket.org/neontabs/ntzz_modules"
          },
          "avatar": {
            "href": "https://bitbucket.org/neontabs/ntzz_modules/avatar/32/"
          }
        },
        "uuid": "{7829aa61-44c0-4bac-a890-dd5f629cf3b8}"
      }
    },
    "state": "MERGED",
    "closed_by": {
      "username": "tobybatch",
      "type": "user",
      "display_name": "Toby Batch",
      "uuid": "{05f6a9c5-f524-4a65-8ab3-3eb90c3eb616}",
      "links": {
        "self": {
          "href": "https://api.bitbucket.org/2.0/users/tobybatch"
        },
        "html": {
          "href": "https://bitbucket.org/tobybatch/"
        },
        "avatar": {
          "href": "https://bitbucket.org/account/tobybatch/avatar/32/"
        }
      }
    },
    "source": {
      "commit": {
        "hash": "bcf2d46b0774",
        "links": {
          "self": {
            "href": "https://api.bitbucket.org/2.0/repositories/neontabs/ntzz_modules/commit/bcf2d46b0774"
          }
        }
      },
      "branch": {
        "name": "tobybatch/readmemd-edited-online-with-bitbucket-1478100142475"
      },
      "repository": {
        "full_name": "neontabs/ntzz_modules",
        "type": "repository",
        "name": "ntzz_modules",
        "links": {
          "self": {
            "href": "https://api.bitbucket.org/2.0/repositories/neontabs/ntzz_modules"
          },
          "html": {
            "href": "https://bitbucket.org/neontabs/ntzz_modules"
          },
          "avatar": {
            "href": "https://bitbucket.org/neontabs/ntzz_modules/avatar/32/"
          }
        },
        "uuid": "{7829aa61-44c0-4bac-a890-dd5f629cf3b8}"
      }
    },
    "comment_count": 0,
    "task_count": 0,
    "created_on": "2016-11-02T15:22:25.512381+00:00",
    "participants": [],
    "reason": "",
    "updated_on": "2016-11-02T15:22:46.086786+00:00",
    "author": {
      "username": "tobybatch",
      "type": "user",
      "display_name": "Toby Batch",
      "uuid": "{05f6a9c5-f524-4a65-8ab3-3eb90c3eb616}",
      "links": {
        "self": {
          "href": "https://api.bitbucket.org/2.0/users/tobybatch"
        },
        "html": {
          "href": "https://bitbucket.org/tobybatch/"
        },
        "avatar": {
          "href": "https://bitbucket.org/account/tobybatch/avatar/32/"
        }
      }
    },
    "type": "pullrequest",
    "id": 17
  },
  "actor": {
    "username": "tobybatch",
    "website": "",
    "display_name": "Toby Batch",
    "uuid": "{05f6a9c5-f524-4a65-8ab3-3eb90c3eb616}",
    "links": {
      "self": {
        "href": "https://api.bitbucket.org/2.0/users/tobybatch"
      },
      "html": {
        "href": "https://bitbucket.org/tobybatch/"
      },
      "avatar": {
        "href": "https://bitbucket.org/account/tobybatch/avatar/32/"
      }
    },
    "created_on": "2014-07-23T17:50:06.167703+00:00",
    "location": null,
    "type": "user"
  },
  "repository": {
    "scm": "git",
    "website": "",
    "uuid": "{7829aa61-44c0-4bac-a890-dd5f629cf3b8}",
    "links": {
      "self": {
        "href": "https://api.bitbucket.org/2.0/repositories/neontabs/ntzz_modules"
      },
      "html": {
        "href": "https://bitbucket.org/neontabs/ntzz_modules"
      },
      "avatar": {
        "href": "https://bitbucket.org/neontabs/ntzz_modules/avatar/32/"
      }
    },
    "project": {
      "links": {
        "self": {
          "href": "https://api.bitbucket.org/2.0/teams/neontabs/projects/PROJ"
        },
        "html": {
          "href": "https://bitbucket.org/account/user/neontabs/projects/PROJ"
        },
        "avatar": {
          "href": "https://bitbucket.org/account/user/neontabs/projects/PROJ/avatar/32"
        }
      },
      "type": "project",
      "name": "Cottaging",
      "key": "PROJ",
      "uuid": "{0a2840a1-7480-4dbb-9021-d02fea5ecb70}"
    },
    "full_name": "neontabs/ntzz_modules",
    "owner": {
      "username": "neontabs",
      "type": "team",
      "display_name": "neontabs",
      "uuid": "{0d56c147-da27-4a70-9770-a2a27291e3e3}",
      "links": {
        "self": {
          "href": "https://api.bitbucket.org/2.0/teams/neontabs"
        },
        "html": {
          "href": "https://bitbucket.org/neontabs/"
        },
        "avatar": {
          "href": "https://bitbucket.org/account/neontabs/avatar/32/"
        }
      }
    },
    "type": "repository",
    "is_private": true,
    "name": "ntzz_modules"
  }
}
